<?xml version="1.0" encoding="UTF-8"?>
<testng-results ignored="0" total="2" passed="2" failed="0" skipped="0">
  <reporter-output>
  </reporter-output>
  <suite started-at="2023-12-17T16:10:25 BRT" name="Suite" finished-at="2023-12-17T16:10:25 BRT" duration-ms="62">
    <groups>
    </groups>
    <test started-at="2023-12-17T16:10:25 BRT" name="Test" finished-at="2023-12-17T16:10:25 BRT" duration-ms="62">
      <class name="MavenProject.Project.AppiumTestExemple">
        <test-method signature="IOSApp()[pri:0, instance:MavenProject.Project.AppiumTestExemple@2f7298b]" started-at="2023-12-17T16:10:25 BRT" name="IOSApp" finished-at="2023-12-17T16:10:25 BRT" duration-ms="9" status="PASS">
          <reporter-output>
          </reporter-output>
        </test-method> <!-- IOSApp -->
        <test-method signature="NativeAppAndroid()[pri:0, instance:MavenProject.Project.AppiumTestExemple@2f7298b]" started-at="2023-12-17T16:10:25 BRT" name="NativeAppAndroid" finished-at="2023-12-17T16:10:25 BRT" duration-ms="2" status="PASS">
          <reporter-output>
          </reporter-output>
        </test-method> <!-- NativeAppAndroid -->
      </class> <!-- MavenProject.Project.AppiumTestExemple -->
    </test> <!-- Test -->
  </suite> <!-- Suite -->
</testng-results>
