<?xml version="1.0" encoding="UTF-8"?>
<!-- Generated by org.testng.reporters.JUnitXMLReporter -->
<testsuite ignored="0" hostname="DESKTOP-HAR893P" failures="0" tests="3" name="Default test" time="0.864" errors="0" timestamp="2023-12-01T08:17:30 BRT">
  <testcase classname="dataDriven.excelDataProvider.dataProvide" name="testCaseData" time="0.007"/>
  <testcase classname="dataDriven.excelDataProvider.dataProvide" name="testCaseData" time="0.002"/>
  <testcase classname="dataDriven.excelDataProvider.dataProvide" name="testCaseData" time="0.002"/>
</testsuite> <!-- Default test -->
