<?xml version="1.0" encoding="UTF-8"?>
<testng-results ignored="0" total="3" passed="3" failed="0" skipped="0">
  <reporter-output>
  </reporter-output>
  <suite started-at="2023-12-01T08:17:29 BRT" name="Default suite" finished-at="2023-12-01T08:17:30 BRT" duration-ms="864">
    <groups>
    </groups>
    <test started-at="2023-12-01T08:17:29 BRT" name="Default test" finished-at="2023-12-01T08:17:30 BRT" duration-ms="864">
      <class name="dataDriven.excelDataProvider.dataProvide">
        <test-method signature="testCaseData(java.lang.String,java.lang.String,java.lang.String)[pri:0, instance:dataDriven.excelDataProvider.dataProvide@41d477ed]" started-at="2023-12-01T08:17:30 BRT" name="testCaseData" data-provider="driveTest" finished-at="2023-12-01T08:17:30 BRT" duration-ms="7" status="PASS">
          <params>
            <param index="0">
              <value>
                <![CDATA[luiz ]]>
              </value>
            </param>
            <param index="1">
              <value>
                <![CDATA[fernando ]]>
              </value>
            </param>
            <param index="2">
              <value>
                <![CDATA[2]]>
              </value>
            </param>
          </params>
          <reporter-output>
          </reporter-output>
        </test-method> <!-- testCaseData -->
        <test-method signature="testCaseData(java.lang.String,java.lang.String,java.lang.String)[pri:0, instance:dataDriven.excelDataProvider.dataProvide@41d477ed]" started-at="2023-12-01T08:17:30 BRT" name="testCaseData" data-provider="driveTest" finished-at="2023-12-01T08:17:30 BRT" duration-ms="2" status="PASS">
          <params>
            <param index="0">
              <value>
                <![CDATA[hello ]]>
              </value>
            </param>
            <param index="1">
              <value>
                <![CDATA[text ]]>
              </value>
            </param>
            <param index="2">
              <value>
                <![CDATA[45]]>
              </value>
            </param>
          </params>
          <reporter-output>
          </reporter-output>
        </test-method> <!-- testCaseData -->
        <test-method signature="testCaseData(java.lang.String,java.lang.String,java.lang.String)[pri:0, instance:dataDriven.excelDataProvider.dataProvide@41d477ed]" started-at="2023-12-01T08:17:30 BRT" name="testCaseData" data-provider="driveTest" finished-at="2023-12-01T08:17:30 BRT" duration-ms="2" status="PASS">
          <params>
            <param index="0">
              <value>
                <![CDATA[bye]]>
              </value>
            </param>
            <param index="1">
              <value>
                <![CDATA[message ]]>
              </value>
            </param>
            <param index="2">
              <value>
                <![CDATA[94]]>
              </value>
            </param>
          </params>
          <reporter-output>
          </reporter-output>
        </test-method> <!-- testCaseData -->
      </class> <!-- dataDriven.excelDataProvider.dataProvide -->
    </test> <!-- Default test -->
  </suite> <!-- Default suite -->
</testng-results>
