<?xml version="1.0" encoding="UTF-8"?>
<testng-results ignored="0" total="6" passed="6" failed="0" skipped="0">
  <reporter-output>
  </reporter-output>
  <suite started-at="2023-12-17T10:54:57 BRT" name="Suite" finished-at="2023-12-17T10:54:57 BRT" duration-ms="93">
    <groups>
    </groups>
    <test started-at="2023-12-17T10:54:57 BRT" name="Test" finished-at="2023-12-17T10:54:57 BRT" duration-ms="93">
      <class name="mavenDemo.SeleniumTestExemple">
        <test-method signature="browsingAutomation()[pri:0, instance:mavenDemo.SeleniumTestExemple@62150f9e]" started-at="2023-12-17T10:54:57 BRT" name="browsingAutomation" finished-at="2023-12-17T10:54:57 BRT" duration-ms="2" status="PASS">
          <reporter-output>
          </reporter-output>
        </test-method> <!-- browsingAutomation -->
        <test-method signature="elementsUI()[pri:0, instance:mavenDemo.SeleniumTestExemple@62150f9e]" started-at="2023-12-17T10:54:57 BRT" name="elementsUI" finished-at="2023-12-17T10:54:57 BRT" duration-ms="5" status="PASS">
          <reporter-output>
          </reporter-output>
        </test-method> <!-- elementsUI -->
      </class> <!-- mavenDemo.SeleniumTestExemple -->
      <class name="mavenDemo.AppiumTestExemple">
        <test-method signature="IOSApp()[pri:0, instance:mavenDemo.AppiumTestExemple@6c80d78a]" started-at="2023-12-17T10:54:57 BRT" name="IOSApp" finished-at="2023-12-17T10:54:57 BRT" duration-ms="2" status="PASS">
          <reporter-output>
          </reporter-output>
        </test-method> <!-- IOSApp -->
        <test-method signature="NativeAppAndroid()[pri:0, instance:mavenDemo.AppiumTestExemple@6c80d78a]" started-at="2023-12-17T10:54:57 BRT" name="NativeAppAndroid" finished-at="2023-12-17T10:54:57 BRT" duration-ms="1" status="PASS">
          <reporter-output>
          </reporter-output>
        </test-method> <!-- NativeAppAndroid -->
      </class> <!-- mavenDemo.AppiumTestExemple -->
      <class name="mavenDemo.RESTAPITestExemple">
        <test-method signature="deleteTwitter()[pri:0, instance:mavenDemo.RESTAPITestExemple@6973b51b]" started-at="2023-12-17T10:54:57 BRT" name="deleteTwitter" finished-at="2023-12-17T10:54:57 BRT" duration-ms="10" status="PASS">
          <reporter-output>
          </reporter-output>
        </test-method> <!-- deleteTwitter -->
        <test-method signature="postJira()[pri:0, instance:mavenDemo.RESTAPITestExemple@6973b51b]" started-at="2023-12-17T10:54:57 BRT" name="postJira" finished-at="2023-12-17T10:54:57 BRT" duration-ms="1" status="PASS">
          <reporter-output>
          </reporter-output>
        </test-method> <!-- postJira -->
      </class> <!-- mavenDemo.RESTAPITestExemple -->
    </test> <!-- Test -->
  </suite> <!-- Suite -->
</testng-results>
