<?xml version="1.0" encoding="UTF-8"?>
<!-- Generated by org.testng.reporters.JUnitXMLReporter -->
<testsuite ignored="0" hostname="l" failures="0" tests="6" name="Test" time="0.093" errors="0" timestamp="2023-12-17T10:54:58 BRT">
  <testcase classname="mavenDemo.RESTAPITestExemple" name="deleteTwitter" time="0.01"/>
  <testcase classname="mavenDemo.RESTAPITestExemple" name="postJira" time="0.001"/>
  <testcase classname="mavenDemo.AppiumTestExemple" name="IOSApp" time="0.002"/>
  <testcase classname="mavenDemo.AppiumTestExemple" name="NativeAppAndroid" time="0.001"/>
  <testcase classname="mavenDemo.SeleniumTestExemple" name="browsingAutomation" time="0.002"/>
  <testcase classname="mavenDemo.SeleniumTestExemple" name="elementsUI" time="0.005"/>
</testsuite> <!-- Test -->
