<?xml version="1.0" encoding="UTF-8"?>
<testng-results ignored="0" total="1" passed="1" failed="0" skipped="0">
  <reporter-output>
  </reporter-output>
  <suite started-at="2023-11-19T17:03:17 BRT" name="Default suite" finished-at="2023-11-19T17:03:39 BRT" duration-ms="22247">
    <groups>
      <group name="cucumber">
        <method signature="AbstractTestNGCucumberTests.runScenario(io.cucumber.testng.PickleWrapper,io.cucumber.testng.FeatureWrapper)[pri:0, instance:cucumber.TestNGTestRunner@4ec4f3a0]" name="runScenario" class="io.cucumber.testng.AbstractTestNGCucumberTests"/>
      </group> <!-- cucumber -->
    </groups>
    <test started-at="2023-11-19T17:03:17 BRT" name="Default test" finished-at="2023-11-19T17:03:39 BRT" duration-ms="22247">
      <class name="cucumber.TestNGTestRunner">
        <test-method is-config="true" signature="setUpClass(org.testng.ITestContext)[pri:0, instance:cucumber.TestNGTestRunner@4ec4f3a0]" started-at="2023-11-19T17:03:17 BRT" name="setUpClass" finished-at="2023-11-19T17:03:18 BRT" duration-ms="760" status="PASS">
          <params>
            <param index="0">
              <value>
                <![CDATA[org.testng.TestRunner@31e2232f]]>
              </value>
            </param>
          </params>
          <reporter-output>
          </reporter-output>
        </test-method> <!-- setUpClass -->
        <test-method signature="runScenario(io.cucumber.testng.PickleWrapper,io.cucumber.testng.FeatureWrapper)[pri:0, instance:cucumber.TestNGTestRunner@4ec4f3a0]" started-at="2023-11-19T17:03:18 BRT" name="runScenario" description="Runs Cucumber Scenarios" data-provider="scenarios" finished-at="2023-11-19T17:03:39 BRT" duration-ms="21361" status="PASS">
          <params>
            <param index="0">
              <value>
                <![CDATA["Title of your scenario outline"]]>
              </value>
            </param>
            <param index="1">
              <value>
                <![CDATA["Purchase the order from Ecommerce WebSite"]]>
              </value>
            </param>
          </params>
          <reporter-output>
          </reporter-output>
        </test-method> <!-- runScenario -->
        <test-method is-config="true" signature="tearDownClass()[pri:0, instance:cucumber.TestNGTestRunner@4ec4f3a0]" started-at="2023-11-19T17:03:39 BRT" name="tearDownClass" finished-at="2023-11-19T17:03:39 BRT" duration-ms="70" status="PASS">
          <reporter-output>
          </reporter-output>
        </test-method> <!-- tearDownClass -->
      </class> <!-- cucumber.TestNGTestRunner -->
    </test> <!-- Default test -->
  </suite> <!-- Default suite -->
</testng-results>
